<?xml version="1.0" encoding="UTF-8"?>
<!-- Generated by org.testng.reporters.JUnitReportReporter -->
<testsuite hostname="LAPTOP-O1IA0A5B" failures="0" tests="1" name="com.bootcamp.pt1.easy_selenium_framework.Q2_Easy_Selenium_Framework" time="7.495" errors="0" timestamp="2023-12-12T17:32:08 EST" skipped="0">
  <testcase classname="com.bootcamp.pt1.easy_selenium_framework.Q2_Easy_Selenium_Framework" name="verifyLoginWithValidCredentials" time="7.495"/>
</testsuite> <!-- com.bootcamp.pt1.easy_selenium_framework.Q2_Easy_Selenium_Framework -->
