<?xml version="1.0" encoding="UTF-8"?>
<!-- Generated by org.testng.reporters.JUnitReportReporter -->
<testsuite hostname="LAPTOP-O1IA0A5B" failures="0" tests="1" name="com.bootcamp.pt1.easy_selenium_framework.Q1_Easy_Selenium_Framework" time="5.297" errors="0" timestamp="2023-12-12T17:08:53 EST" skipped="0">
  <testcase classname="com.bootcamp.pt1.easy_selenium_framework.Q1_Easy_Selenium_Framework" name="verifyPageTitle" time="5.297"/>
</testsuite> <!-- com.bootcamp.pt1.easy_selenium_framework.Q1_Easy_Selenium_Framework -->
